\BOOKMARK [0][-]{chapter.1}{\376\377\000W\000e\000b\000\040\000S\000e\000r\000v\000e\000r}{}% 1
\BOOKMARK [1][-]{section.1.1}{\376\377\000C\000a\000p\000a\000c\000i\000t\000y\000\040\000T\000e\000s\000t}{chapter.1}% 2
\BOOKMARK [2][-]{subsection.1.1.1}{\376\377\000C\000o\000n\000f\000i\000g\000u\000r\000a\000z\000i\000o\000n\000e\000\040\000T\000e\000s\000t\000\040\000P\000l\000a\000n}{section.1.1}% 3
\BOOKMARK [2][-]{subsection.1.1.2}{\376\377\000A\000n\000a\000l\000i\000s\000i\000\040\000d\000e\000i\000\040\000d\000a\000t\000i}{section.1.1}% 4
\BOOKMARK [2][-]{subsection.1.1.3}{\376\377\000A\000n\000a\000l\000i\000s\000i\000\040\000B\000o\000t\000t\000l\000e\000n\000e\000c\000k}{section.1.1}% 5
\BOOKMARK [2][-]{subsection.1.1.4}{\376\377\000I\000n\000d\000i\000c\000e\000\040\000d\000i\000\040\000e\000q\000u\000i\000t\000\340}{section.1.1}% 6
\BOOKMARK [1][-]{section.1.2}{\376\377\000W\000o\000r\000k\000l\000o\000a\000d\000\040\000C\000h\000a\000r\000a\000c\000t\000e\000r\000i\000z\000a\000t\000i\000o\000n}{chapter.1}% 7
\BOOKMARK [2][-]{subsection.1.2.1}{\376\377\000D\000e\000f\000i\000n\000i\000z\000i\000o\000n\000e\000\040\000d\000e\000l\000\040\000S\000U\000T}{section.1.2}% 8
\BOOKMARK [2][-]{subsection.1.2.2}{\376\377\000H\000L\000\040\000W\000o\000r\000k\000l\000o\000a\000d\000\040\000C\000h\000a\000r\000a\000c\000t\000e\000r\000i\000z\000a\000t\000i\000o\000n}{section.1.2}% 9
\BOOKMARK [2][-]{subsection.1.2.3}{\376\377\000L\000L\000\040\000W\000o\000r\000k\000l\000o\000a\000d\000\040\000C\000h\000a\000r\000a\000c\000t\000e\000r\000i\000z\000a\000t\000i\000o\000n}{section.1.2}% 10
\BOOKMARK [2][-]{subsection.1.2.4}{\376\377\000L\000L\000'\000\040\000W\000o\000r\000k\000l\000o\000a\000d\000\040\000C\000h\000a\000r\000a\000c\000t\000e\000r\000i\000z\000a\000t\000i\000o\000n}{section.1.2}% 11
\BOOKMARK [2][-]{subsection.1.2.5}{\376\377\000C\000o\000n\000f\000r\000o\000n\000t\000o\000\040\000t\000r\000a\000\040\000w\000o\000r\000k\000l\000o\000a\000d}{section.1.2}% 12
\BOOKMARK [1][-]{section.1.3}{\376\377\000D\000o\000E}{chapter.1}% 13
\BOOKMARK [0][-]{chapter.2}{\376\377\000P\000C\000A\000\040\000\046\000\040\000C\000l\000u\000s\000t\000e\000r\000i\000n\000g}{}% 14
\BOOKMARK [1][-]{section.2.1}{\376\377\000T\000r\000a\000c\000c\000i\000a}{chapter.2}% 15
\BOOKMARK [1][-]{section.2.2}{\376\377\000F\000i\000l\000t\000e\000r\000i\000n\000g}{chapter.2}% 16
\BOOKMARK [1][-]{section.2.3}{\376\377\000P\000C\000A}{chapter.2}% 17
\BOOKMARK [1][-]{section.2.4}{\376\377\000C\000l\000u\000s\000t\000e\000r\000i\000n\000g}{chapter.2}% 18
\BOOKMARK [2][-]{subsection.2.4.1}{\376\377\000P\000C\000A\000\040\000\046\000\040\000c\000l\000u\000s\000t\000e\000r\000i\000n\000g\000\040\000c\000o\000n\000\040\0004\000\040\000c\000o\000m\000p\000o\000n\000e\000n\000t\000i}{section.2.4}% 19
\BOOKMARK [2][-]{subsection.2.4.2}{\376\377\000P\000C\000A\000\040\000\046\000\040\000c\000l\000u\000s\000t\000e\000r\000i\000n\000g\000\040\000c\000o\000n\000\040\0005\000\040\000c\000o\000m\000p\000o\000n\000e\000n\000t\000i}{section.2.4}% 20
\BOOKMARK [2][-]{subsection.2.4.3}{\376\377\000P\000C\000A\000\040\000\046\000\040\000c\000l\000u\000s\000t\000e\000r\000i\000n\000g\000\040\000c\000o\000n\000\040\0006\000\040\000c\000o\000m\000p\000o\000n\000e\000n\000t\000i}{section.2.4}% 21
\BOOKMARK [1][-]{section.2.5}{\376\377\000C\000o\000n\000c\000l\000u\000s\000i\000o\000n\000i}{chapter.2}% 22
\BOOKMARK [1][-]{section.2.6}{\376\377\000W\000o\000r\000k\000l\000o\000a\000d\000\040\000s\000i\000n\000t\000e\000t\000i\000c\000o}{chapter.2}% 23
\BOOKMARK [0][-]{chapter.3}{\376\377\000B\000e\000n\000c\000h\000m\000a\000r\000k}{}% 24
\BOOKMARK [1][-]{section.3.1}{\376\377\000A\000t\000t\000i\000v\000i\000t\000\340\000\040\000d\000i\000\040\000B\000e\000n\000c\000h\000m\000a\000r\000k\000i\000n\000g}{chapter.3}% 25
\BOOKMARK [1][-]{section.3.2}{\376\377\000A\000n\000a\000l\000i\000s\000i}{chapter.3}% 26
\BOOKMARK [1][-]{section.3.3}{\376\377\000P\000r\000e\000l\000i\000e\000v\000o\000\040\000d\000e\000i\000\040\000c\000a\000m\000p\000i\000o\000n\000i}{chapter.3}% 27
\BOOKMARK [2][-]{subsection.3.3.1}{\376\377\000C\000a\000l\000c\000o\000l\000o\000\040\000d\000e\000l\000l\000a\000\040\000s\000a\000m\000p\000l\000e\000\040\000s\000i\000z\000e}{section.3.3}% 28
\BOOKMARK [1][-]{section.3.4}{\376\377\000A\000n\000a\000l\000i\000s\000i\000\040\000d\000e\000i\000\040\000d\000a\000t\000i}{chapter.3}% 29
\BOOKMARK [2][-]{subsection.3.4.1}{\376\377\000A\000n\000a\000l\000i\000s\000i\000\040\000a\000\040\0002\0005\0000\0000\0000}{section.3.4}% 30
\BOOKMARK [2][-]{subsection.3.4.2}{\376\377\000A\000n\000a\000l\000i\000s\000i\000\040\000p\000e\000r\000\040\0001\0000\0000\0000\0000\0000\000\040\000c\000o\000r\000p\000i}{section.3.4}% 31
\BOOKMARK [1][-]{section.3.5}{\376\377\000C\000o\000n\000c\000l\000u\000s\000i\000o\000n\000i}{chapter.3}% 32
\BOOKMARK [0][-]{chapter.4}{\376\377\000R\000e\000g\000r\000e\000s\000s\000i\000o\000n\000e}{}% 33
\BOOKMARK [1][-]{section.4.1}{\376\377\000M\000a\000i\000l\000\040\000s\000e\000r\000v\000e\000r\000\040\0001}{chapter.4}% 34
\BOOKMARK [1][-]{section.4.2}{\376\377\000M\000a\000i\000l\000\040\000s\000e\000r\000v\000e\000r\000\040\0002}{chapter.4}% 35
\BOOKMARK [1][-]{section.4.3}{\376\377\000V\000M\000S\000t\000a\000t}{chapter.4}% 36
\BOOKMARK [2][-]{subsection.4.3.1}{\376\377\000V\000M\000S\000t\000a\000t\000-\000o\000s\0001}{section.4.3}% 37
\BOOKMARK [2][-]{subsection.4.3.2}{\376\377\000V\000M\000S\000t\000a\000t\000-\000o\000s\0002}{section.4.3}% 38
\BOOKMARK [2][-]{subsection.4.3.3}{\376\377\000V\000M\000S\000t\000a\000t\000-\000o\000s\0003}{section.4.3}% 39
\BOOKMARK [1][-]{section.4.4}{\376\377\000E\000s\000e\000r\000c\000i\000z\000i\000o\000\040\000P\000r\000e\000d\000i\000z\000i\000o\000n\000i}{chapter.4}% 40
\BOOKMARK [2][-]{subsection.4.4.1}{\376\377\000V\000M\000r\000e\000s\0001}{section.4.4}% 41
\BOOKMARK [2][-]{subsection.4.4.2}{\376\377\000V\000M\000r\000e\000s\0002}{section.4.4}% 42
\BOOKMARK [2][-]{subsection.4.4.3}{\376\377\000V\000M\000r\000e\000s\0003}{section.4.4}% 43
\BOOKMARK [0][-]{chapter.5}{\376\377\000R\000B\000D}{}% 44
\BOOKMARK [1][-]{section.5.1}{\376\377\000E\000s\000e\000r\000c\000i\000z\000i\000o\000\040\0001}{chapter.5}% 45
\BOOKMARK [1][-]{section.5.2}{\376\377\000E\000s\000e\000r\000c\000i\000z\000i\000o\000\040\0002}{chapter.5}% 46
\BOOKMARK [1][-]{section.5.3}{\376\377\000E\000s\000e\000r\000c\000i\000z\000i\000o\000\040\0003}{chapter.5}% 47
\BOOKMARK [1][-]{section.5.4}{\376\377\000E\000s\000e\000r\000c\000i\000z\000i\000o\000\040\0004}{chapter.5}% 48
\BOOKMARK [2][-]{subsection.5.4.1}{\376\377\000C\000o\000n\000f\000r\000o\000n\000t\000o\000\040\0001}{section.5.4}% 49
\BOOKMARK [2][-]{subsection.5.4.2}{\376\377\000C\000o\000n\000f\000r\000o\000n\000t\000o\000\040\0002}{section.5.4}% 50
\BOOKMARK [2][-]{subsection.5.4.3}{\376\377\000C\000o\000n\000f\000r\000o\000n\000t\000o\000\040\0003}{section.5.4}% 51
\BOOKMARK [2][-]{subsection.5.4.4}{\376\377\000C\000o\000n\000f\000r\000o\000n\000t\000o\000\040\0004}{section.5.4}% 52
\BOOKMARK [1][-]{section.5.5}{\376\377\000E\000s\000e\000r\000c\000i\000z\000i\000o\000\040\0005}{chapter.5}% 53
\BOOKMARK [0][-]{chapter.6}{\376\377\000F\000F\000D\000A}{}% 54
